<?xml version="1.0" encoding="UTF-8"?>
<!-- Generated by org.testng.reporters.JUnitXMLReporter -->
<testsuite hostname="Senhor" ignored="0" name="Test" tests="1" failures="0" timestamp="2022-01-09T11:15:25 IST" time="3.868" errors="0">
  <testcase name="@BeforeMethod beforeMethod" time="3.747" classname="wrappers.ProjectWrappers">
    <failure type="java.lang.NullPointerException">
      <![CDATA[java.lang.NullPointerException
at wrappers.GenericWrappers.takeSnap(GenericWrappers.java:859)
at utils.GenericHTMLReport.logStatus(GenericHTMLReport.java:23)
at wrappers.GenericWrappers.invokeApp(GenericWrappers.java:69)
at wrappers.ProjectWrappers.beforeMethod(ProjectWrappers.java:31)
at java.util.ArrayList.forEach(ArrayList.java:1257)
... Removed 35 stack frames]]>
    </failure>
  </testcase> <!-- @BeforeMethod beforeMethod -->
  <testcase name="@AfterMethod afterMethod" time="-1.641707125592E9" classname="wrappers.ProjectWrappers">
    <skipped/>
  </testcase> <!-- @AfterMethod afterMethod -->
  <testcase name="tc1" time="0.0" classname="pom.testcases.pom_tc1">
    <skipped/>
  </testcase> <!-- tc1 -->
</testsuite> <!-- Test -->
